2026-04-10 14:11:04,548 INFO o.a.j.u.JMeterUtils: Setting Locale to en_EN
2026-04-10 14:11:04,562 INFO o.a.j.JMeter: Loading user properties from: C:\Jmeter\apache-jmeter-5.6.3\bin\user.properties
2026-04-10 14:11:04,563 INFO o.a.j.JMeter: Loading system properties from: C:\Jmeter\apache-jmeter-5.6.3\bin\system.properties
2026-04-10 14:11:04,568 INFO o.a.j.JMeter: Copyright (c) 1998-2024 The Apache Software Foundation
2026-04-10 14:11:04,568 INFO o.a.j.JMeter: Version 5.6.3
2026-04-10 14:11:04,568 INFO o.a.j.JMeter: java.version=23.0.2
2026-04-10 14:11:04,568 INFO o.a.j.JMeter: java.vm.name=Java HotSpot(TM) 64-Bit Server VM
2026-04-10 14:11:04,568 INFO o.a.j.JMeter: os.name=Windows 11
2026-04-10 14:11:04,568 INFO o.a.j.JMeter: os.arch=amd64
2026-04-10 14:11:04,568 INFO o.a.j.JMeter: os.version=10.0
2026-04-10 14:11:04,568 INFO o.a.j.JMeter: file.encoding=UTF-8
2026-04-10 14:11:04,568 INFO o.a.j.JMeter: java.awt.headless=true
2026-04-10 14:11:04,568 INFO o.a.j.JMeter: Max memory     =1073741824
2026-04-10 14:11:04,569 INFO o.a.j.JMeter: Available Processors =12
2026-04-10 14:11:04,579 INFO o.a.j.JMeter: Default Locale=English (EN)
2026-04-10 14:11:04,579 INFO o.a.j.JMeter: JMeter  Locale=English (EN)
2026-04-10 14:11:04,579 INFO o.a.j.JMeter: JMeterHome=C:\Jmeter\apache-jmeter-5.6.3
2026-04-10 14:11:04,579 INFO o.a.j.JMeter: user.dir  =C:\Users\Mirage\OneDrive\Desktop\JMeter\Dummy JSON Load Test
2026-04-10 14:11:04,580 INFO o.a.j.JMeter: PWD       =C:\Users\Mirage\OneDrive\Desktop\JMeter\Dummy JSON Load Test
2026-04-10 14:11:04,581 INFO o.a.j.JMeter: IP: 172.23.64.1 Name: DESKTOP-C14ESM9 FullName: DESKTOP-C14ESM9.mshome.net
2026-04-10 14:11:04,592 INFO o.a.j.JMeter: Setting property 'jmeter.reportgenerator.outputdir' to:'C:\Users\Mirage\OneDrive\Desktop\JMeter\Dummy JSON Load Test\html-report'
2026-04-10 14:11:04,595 INFO o.a.j.s.FileServer: Default base='C:\Users\Mirage\OneDrive\Desktop\JMeter\Dummy JSON Load Test'
2026-04-10 14:11:04,595 INFO o.a.j.s.FileServer: Set new base='C:\Users\Mirage\OneDrive\Desktop\JMeter\Dummy JSON Load Test'
2026-04-10 14:11:04,793 INFO o.a.j.s.SaveService: Testplan (JMX) version: 2.2. Testlog (JTL) version: 2.2
2026-04-10 14:11:04,831 INFO o.a.j.s.SaveService: Using SaveService properties version 5.0
2026-04-10 14:11:04,834 INFO o.a.j.s.SaveService: Using SaveService properties file encoding UTF-8
2026-04-10 14:11:04,838 INFO o.a.j.s.SaveService: Loading file: DummyJSONTest.jmx
2026-04-10 14:11:04,917 INFO o.a.j.p.h.s.HTTPSamplerBase: Parser for text/html is org.apache.jmeter.protocol.http.parser.LagartoBasedHtmlParser
2026-04-10 14:11:04,917 INFO o.a.j.p.h.s.HTTPSamplerBase: Parser for application/xhtml+xml is org.apache.jmeter.protocol.http.parser.LagartoBasedHtmlParser
2026-04-10 14:11:04,917 INFO o.a.j.p.h.s.HTTPSamplerBase: Parser for application/xml is org.apache.jmeter.protocol.http.parser.LagartoBasedHtmlParser
2026-04-10 14:11:04,917 INFO o.a.j.p.h.s.HTTPSamplerBase: Parser for text/xml is org.apache.jmeter.protocol.http.parser.LagartoBasedHtmlParser
2026-04-10 14:11:04,917 INFO o.a.j.p.h.s.HTTPSamplerBase: Parser for text/vnd.wap.wml is org.apache.jmeter.protocol.http.parser.RegexpHTMLParser
2026-04-10 14:11:04,917 INFO o.a.j.p.h.s.HTTPSamplerBase: Parser for text/css is org.apache.jmeter.protocol.http.parser.CssParser
2026-04-10 14:11:04,968 INFO o.a.j.p.h.c.CookieManager: Settings: Delete null: true Check: true Allow variable: true Save: false Prefix: COOKIE_
2026-04-10 14:11:05,144 INFO o.a.j.e.KeyToolUtils: keytool found at 'keytool'
2026-04-10 14:11:05,145 INFO o.a.j.p.h.p.ProxyControl: HTTP(S) Test Script Recorder SSL Proxy will use keys that support embedded 3rd party resources in file C:\Jmeter\apache-jmeter-5.6.3\bin\proxyserver.jks
2026-04-10 14:11:05,163 INFO o.a.j.JMeter: Creating summariser <summary>
2026-04-10 14:11:05,168 INFO o.a.j.r.d.ReportGenerator: ReportGenerator will use for Parsing the separator: ','
2026-04-10 14:11:05,168 INFO o.a.j.r.d.ReportGenerator: Will generate report at end of test from  results file: results.jtl
2026-04-10 14:11:05,168 INFO o.a.j.r.d.ReportGenerator: Reading report generator properties from: C:\Jmeter\apache-jmeter-5.6.3\bin\reportgenerator.properties
2026-04-10 14:11:05,179 INFO o.a.j.r.d.ReportGenerator: Merging with JMeter properties
2026-04-10 14:11:05,183 INFO o.a.j.r.c.ReportGeneratorConfiguration: Property 'jmeter.reportgenerator.temp_dir' not found, using default value 'temp' instead.
2026-04-10 14:11:05,186 INFO o.a.j.r.c.ReportGeneratorConfiguration: Property 'jmeter.reportgenerator.apdex_per_transaction' not found, using default value 'null' instead.
2026-04-10 14:11:05,186 INFO o.a.j.r.c.ReportGeneratorConfiguration: apdex_per_transaction is empty, not APDEX per transaction customization
2026-04-10 14:11:05,186 INFO o.a.j.r.c.ReportGeneratorConfiguration: Property 'jmeter.reportgenerator.sample_filter' not found, using default value 'null' instead.
2026-04-10 14:11:05,186 INFO o.a.j.r.c.ReportGeneratorConfiguration: Property 'jmeter.reportgenerator.report_title' not found, using default value 'null' instead.
2026-04-10 14:11:05,186 INFO o.a.j.r.c.ReportGeneratorConfiguration: Property 'jmeter.reportgenerator.start_date' not found, using default value 'null' instead.
2026-04-10 14:11:05,187 INFO o.a.j.r.c.ReportGeneratorConfiguration: Property 'jmeter.reportgenerator.end_date' not found, using default value 'null' instead.
2026-04-10 14:11:05,187 INFO o.a.j.r.c.ReportGeneratorConfiguration: Property 'jmeter.reportgenerator.date_format' not found, using default value 'null' instead.
2026-04-10 14:11:05,187 INFO o.a.j.r.c.ReportGeneratorConfiguration: Will use date range start date: null, end date: null
2026-04-10 14:11:05,191 INFO o.a.j.r.c.ReportGeneratorConfiguration: Property 'jmeter.reportgenerator.graph.totalTPS.exclude_controllers' not found, using default value 'false' instead.
2026-04-10 14:11:05,192 INFO o.a.j.r.c.ReportGeneratorConfiguration: Property 'jmeter.reportgenerator.graph.activeThreadsOverTime.exclude_controllers' not found, using default value 'false' instead.
2026-04-10 14:11:05,192 INFO o.a.j.r.c.ReportGeneratorConfiguration: Property 'jmeter.reportgenerator.graph.timeVsThreads.exclude_controllers' not found, using default value 'false' instead.
2026-04-10 14:11:05,192 INFO o.a.j.r.c.ReportGeneratorConfiguration: Property 'jmeter.reportgenerator.graph.responseTimeDistribution.exclude_controllers' not found, using default value 'false' instead.
2026-04-10 14:11:05,192 INFO o.a.j.r.c.ReportGeneratorConfiguration: Property 'jmeter.reportgenerator.graph.transactionsPerSecond.exclude_controllers' not found, using default value 'false' instead.
2026-04-10 14:11:05,192 INFO o.a.j.r.c.ReportGeneratorConfiguration: Property 'jmeter.reportgenerator.graph.responseTimePercentiles.exclude_controllers' not found, using default value 'false' instead.
2026-04-10 14:11:05,192 INFO o.a.j.r.c.ReportGeneratorConfiguration: Property 'jmeter.reportgenerator.graph.responseTimePercentilesOverTime.exclude_controllers' not found, using default value 'false' instead.
2026-04-10 14:11:05,192 INFO o.a.j.r.c.ReportGeneratorConfiguration: Property 'jmeter.reportgenerator.graph.responseTimesOverTime.exclude_controllers' not found, using default value 'false' instead.
2026-04-10 14:11:05,192 INFO o.a.j.r.c.ReportGeneratorConfiguration: Property 'jmeter.reportgenerator.graph.connectTimeOverTime.exclude_controllers' not found, using default value 'false' instead.
2026-04-10 14:11:05,192 INFO o.a.j.r.c.ReportGeneratorConfiguration: Property 'jmeter.reportgenerator.graph.latenciesOverTime.exclude_controllers' not found, using default value 'false' instead.
2026-04-10 14:11:05,193 INFO o.a.j.r.c.ReportGeneratorConfiguration: Property 'jmeter.reportgenerator.exporter.json.filters_only_sample_series' not found, using default value 'true' instead.
2026-04-10 14:11:05,193 INFO o.a.j.r.c.ReportGeneratorConfiguration: Property 'jmeter.reportgenerator.exporter.json.series_filter' not found, using default value '' instead.
2026-04-10 14:11:05,193 INFO o.a.j.r.c.ReportGeneratorConfiguration: Property 'jmeter.reportgenerator.exporter.json.show_controllers_only' not found, using default value 'false' instead.
2026-04-10 14:11:05,194 INFO o.a.j.r.c.ReportGeneratorConfiguration: Property 'jmeter.reportgenerator.exporter.html.filters_only_sample_series' not found, using default value 'true' instead.
2026-04-10 14:11:05,194 INFO o.a.j.r.c.ReportGeneratorConfiguration: Property 'jmeter.reportgenerator.exporter.html.series_filter' not found, using default value '' instead.
2026-04-10 14:11:05,194 INFO o.a.j.r.c.ReportGeneratorConfiguration: Property 'jmeter.reportgenerator.exporter.html.show_controllers_only' not found, using default value 'false' instead.
2026-04-10 14:11:05,215 INFO o.a.j.e.StandardJMeterEngine: Running the test!
2026-04-10 14:11:05,216 INFO o.a.j.s.SampleEvent: List of sample_variables: []
2026-04-10 14:11:05,216 INFO o.a.j.s.SampleEvent: List of sample_variables: []
2026-04-10 14:11:05,221 INFO o.a.j.e.u.CompoundVariable: Note: Function class names must contain the string: '.functions.'
2026-04-10 14:11:05,221 INFO o.a.j.e.u.CompoundVariable: Note: Function class names must not contain the string: '.gui.'
2026-04-10 14:11:05,330 INFO o.a.j.JMeter: Running test (1775809565330)
2026-04-10 14:11:05,345 INFO o.a.j.e.StandardJMeterEngine: Starting ThreadGroup: 1 : Thread Group
2026-04-10 14:11:05,345 INFO o.a.j.e.StandardJMeterEngine: Starting 1 threads for group Thread Group.
2026-04-10 14:11:05,345 INFO o.a.j.e.StandardJMeterEngine: Thread will continue on error
2026-04-10 14:11:05,346 INFO o.a.j.t.ThreadGroup: Starting thread group... number=1 threads=1 ramp-up=1 delayedStart=false
2026-04-10 14:11:05,354 INFO o.a.j.t.ThreadGroup: Started thread group number 1
2026-04-10 14:11:05,354 INFO o.a.j.e.StandardJMeterEngine: All thread groups have been started
2026-04-10 14:11:05,357 INFO o.a.j.s.SampleResult: Note: Sample TimeStamps are START times
2026-04-10 14:11:05,357 INFO o.a.j.s.SampleResult: sampleresult.default.encoding is set to UTF-8
2026-04-10 14:11:05,357 INFO o.a.j.s.SampleResult: sampleresult.useNanoTime=true
2026-04-10 14:11:05,357 INFO o.a.j.s.SampleResult: sampleresult.nanoThreadSleep=5000
2026-04-10 14:11:05,397 INFO o.a.j.t.JMeterThread: Thread started: Thread Group 1-1
2026-04-10 14:11:05,399 INFO o.a.j.s.FileServer: Stored: C:/Users/Mirage/OneDrive/Desktop/JMeter/Dummy JSON Load Test/users.csv
2026-04-10 14:11:07,031 INFO o.a.j.p.h.s.HTTPHCAbstractImpl: Local host = DESKTOP-C14ESM9
2026-04-10 14:11:07,035 INFO o.a.j.p.h.s.HTTPHC4Impl: HTTP request retry count = 0
2026-04-10 14:11:07,083 INFO o.a.j.p.h.s.h.LazyLayeredConnectionSocketFactory: Setting up HTTPS TrustAll Socket Factory
2026-04-10 14:11:07,087 INFO o.a.j.u.JsseSSLManager: Using default SSL protocol: TLS
2026-04-10 14:11:07,087 INFO o.a.j.u.JsseSSLManager: SSL session context: per-thread
2026-04-10 14:11:07,132 INFO o.a.j.u.SSLManager: JmeterKeyStore Location:  type JKS
2026-04-10 14:11:07,135 INFO o.a.j.u.SSLManager: KeyStore created OK
2026-04-10 14:11:07,135 WARN o.a.j.u.SSLManager: Keystore file not found, loading empty keystore
2026-04-10 14:11:30,377 INFO o.a.j.r.Summariser: summary +     16 in 00:00:25 =    0.6/s Avg:    71 Min:     2 Max:   425 Err:     0 (0.00%) Active: 1 Started: 1 Finished: 0
2026-04-10 14:12:02,013 INFO o.a.j.r.Summariser: summary +     16 in 00:00:32 =    0.5/s Avg:   591 Min:     7 Max:  8284 Err:     0 (0.00%) Active: 1 Started: 1 Finished: 0
2026-04-10 14:12:02,014 INFO o.a.j.r.Summariser: summary =     32 in 00:00:57 =    0.6/s Avg:   331 Min:     2 Max:  8284 Err:     0 (0.00%)
2026-04-10 14:12:30,701 INFO o.a.j.r.Summariser: summary +     18 in 00:00:29 =    0.6/s Avg:    93 Min:     9 Max:   200 Err:     0 (0.00%) Active: 1 Started: 1 Finished: 0
2026-04-10 14:12:30,702 INFO o.a.j.r.Summariser: summary =     50 in 00:01:25 =    0.6/s Avg:   245 Min:     2 Max:  8284 Err:     0 (0.00%)
2026-04-10 14:13:01,298 INFO o.a.j.r.Summariser: summary +     20 in 00:00:31 =    0.7/s Avg:    82 Min:     8 Max:   338 Err:     0 (0.00%) Active: 1 Started: 1 Finished: 0
2026-04-10 14:13:01,298 INFO o.a.j.r.Summariser: summary =     70 in 00:01:56 =    0.6/s Avg:   199 Min:     2 Max:  8284 Err:     0 (0.00%)
2026-04-10 14:13:14,385 INFO o.a.j.t.JMeterThread: Thread is done: Thread Group 1-1
2026-04-10 14:13:14,385 INFO o.a.j.t.JMeterThread: Thread finished: Thread Group 1-1
2026-04-10 14:13:14,388 INFO o.a.j.e.StandardJMeterEngine: Notifying test listeners of end of test
2026-04-10 14:13:14,389 INFO o.a.j.s.FileServer: Close: C:/Users/Mirage/OneDrive/Desktop/JMeter/Dummy JSON Load Test/users.csv
2026-04-10 14:13:14,392 INFO o.a.j.r.Summariser: summary +      9 in 00:00:13 =    0.7/s Avg:   111 Min:   103 Max:   136 Err:     0 (0.00%) Active: 0 Started: 1 Finished: 1
2026-04-10 14:13:14,393 INFO o.a.j.r.Summariser: summary =     79 in 00:02:09 =    0.6/s Avg:   189 Min:     2 Max:  8284 Err:     0 (0.00%)
2026-04-10 14:13:14,394 INFO o.a.j.JMeter: Generating Dashboard
2026-04-10 14:13:14,394 INFO o.a.j.r.d.ReportGenerator: Flushing result collector before report Generation
2026-04-10 14:13:14,406 INFO o.a.j.r.p.NormalizerSampleConsumer: Using format, 'ms', to parse timeStamp field
2026-04-10 14:13:14,479 INFO o.a.j.r.p.AbstractSampleConsumer: class org.apache.jmeter.report.processor.AggregateConsumer#stopProducing(): beginDate produced 0 samples
2026-04-10 14:13:14,479 INFO o.a.j.r.p.AbstractSampleConsumer: class org.apache.jmeter.report.processor.AggregateConsumer#stopProducing(): endDate produced 0 samples
2026-04-10 14:13:14,483 INFO o.a.j.r.p.AbstractSampleConsumer: class org.apache.jmeter.report.processor.ApdexSummaryConsumer#stopProducing(): apdexSummary produced 0 samples
2026-04-10 14:13:14,483 INFO o.a.j.r.p.AbstractSampleConsumer: class org.apache.jmeter.report.processor.RequestsSummaryConsumer#stopProducing(): requestsSummary produced 0 samples
2026-04-10 14:13:14,490 INFO o.a.j.r.p.AbstractSampleConsumer: class org.apache.jmeter.report.processor.StatisticsSummaryConsumer#stopProducing(): statisticsSummary produced 0 samples
2026-04-10 14:13:14,492 INFO o.a.j.r.p.AbstractSampleConsumer: class org.apache.jmeter.report.processor.Top5ErrorsBySamplerConsumer#stopProducing(): top5ErrorsBySampler produced 0 samples
2026-04-10 14:13:14,492 INFO o.a.j.r.p.AbstractSampleConsumer: class org.apache.jmeter.report.processor.ErrorsSummaryConsumer#stopProducing(): errorsSummary produced 0 samples
2026-04-10 14:13:14,492 INFO o.a.j.r.p.AbstractSampleConsumer: class org.apache.jmeter.report.processor.graph.impl.HitsPerSecondGraphConsumer#stopProducing(): hitsPerSecond produced 0 samples
2026-04-10 14:13:14,507 INFO o.a.j.r.p.AbstractSampleConsumer: class org.apache.jmeter.report.processor.graph.impl.LatencyVSRequestGraphConsumer#stopProducing(): latencyVsRequest produced 0 samples
2026-04-10 14:13:14,508 INFO o.a.j.r.p.AbstractSampleConsumer: class org.apache.jmeter.report.processor.graph.impl.SyntheticResponseTimeDistributionGraphConsumer#stopProducing(): syntheticResponseTimeDistribution produced 0 samples
2026-04-10 14:13:14,508 INFO o.a.j.r.p.AbstractSampleConsumer: class org.apache.jmeter.report.processor.graph.impl.BytesThroughputGraphConsumer#stopProducing(): bytesThroughputOverTime produced 0 samples
2026-04-10 14:13:14,508 INFO o.a.j.r.p.AbstractSampleConsumer: class org.apache.jmeter.report.processor.graph.impl.CodesPerSecondGraphConsumer#stopProducing(): codesPerSecond produced 0 samples
2026-04-10 14:13:14,513 INFO o.a.j.r.p.AbstractSampleConsumer: class org.apache.jmeter.report.processor.graph.impl.ResponseTimeVSRequestGraphConsumer#stopProducing(): responseTimeVsRequest produced 0 samples
2026-04-10 14:13:14,514 INFO o.a.j.r.p.AbstractSampleConsumer: class org.apache.jmeter.report.processor.FilterConsumer#stopProducing(): startIntervalControlerFilter produced 553 samples
2026-04-10 14:13:14,514 INFO o.a.j.r.p.AbstractSampleConsumer: class org.apache.jmeter.report.processor.graph.impl.TotalTPSGraphConsumer#stopProducing(): totalTPS produced 0 samples
2026-04-10 14:13:14,514 INFO o.a.j.r.p.AbstractSampleConsumer: class org.apache.jmeter.report.processor.graph.impl.ActiveThreadsGraphConsumer#stopProducing(): activeThreadsOverTime produced 0 samples
2026-04-10 14:13:14,514 INFO o.a.j.r.p.AbstractSampleConsumer: class org.apache.jmeter.report.processor.graph.impl.TimeVSThreadGraphConsumer#stopProducing(): timeVsThreads produced 0 samples
2026-04-10 14:13:14,517 INFO o.a.j.r.p.AbstractSampleConsumer: class org.apache.jmeter.report.processor.graph.impl.ResponseTimeDistributionGraphConsumer#stopProducing(): responseTimeDistribution produced 0 samples
2026-04-10 14:13:14,518 INFO o.a.j.r.p.AbstractSampleConsumer: class org.apache.jmeter.report.processor.graph.impl.TransactionsPerSecondGraphConsumer#stopProducing(): transactionsPerSecond produced 0 samples
2026-04-10 14:13:14,518 INFO o.a.j.r.p.AbstractSampleConsumer: class org.apache.jmeter.report.processor.graph.impl.ResponseTimePercentilesGraphConsumer#stopProducing(): responseTimePercentiles produced 0 samples
2026-04-10 14:13:14,532 INFO o.a.j.r.p.AbstractSampleConsumer: class org.apache.jmeter.report.processor.graph.impl.ResponseTimePercentilesOverTimeGraphConsumer#stopProducing(): responseTimePercentilesOverTime produced 0 samples
2026-04-10 14:13:14,532 INFO o.a.j.r.p.AbstractSampleConsumer: class org.apache.jmeter.report.processor.graph.impl.ResponseTimeOverTimeGraphConsumer#stopProducing(): responseTimesOverTime produced 0 samples
2026-04-10 14:13:14,533 INFO o.a.j.r.p.AbstractSampleConsumer: class org.apache.jmeter.report.processor.graph.impl.ConnectTimeOverTimeGraphConsumer#stopProducing(): connectTimeOverTime produced 0 samples
2026-04-10 14:13:14,533 INFO o.a.j.r.p.AbstractSampleConsumer: class org.apache.jmeter.report.processor.graph.impl.LatencyOverTimeGraphConsumer#stopProducing(): latenciesOverTime produced 0 samples
2026-04-10 14:13:14,533 INFO o.a.j.r.p.AbstractSampleConsumer: class org.apache.jmeter.report.processor.FilterConsumer#stopProducing(): nameFilter produced 1200 samples
2026-04-10 14:13:14,533 INFO o.a.j.r.p.AbstractSampleConsumer: class org.apache.jmeter.report.processor.FilterConsumer#stopProducing(): dateRangeFilter produced 240 samples
2026-04-10 14:13:14,533 INFO o.a.j.r.p.AbstractSampleConsumer: class org.apache.jmeter.report.processor.NormalizerSampleConsumer#stopProducing(): normalizer produced 80 samples
2026-04-10 14:13:14,534 INFO o.a.j.r.p.CsvFileSampleSource: produce(): 80 samples produced in 104ms on channel 0
2026-04-10 14:13:14,534 INFO o.a.j.r.d.ReportGenerator: Exporting data using exporter:'json' of className:'org.apache.jmeter.report.dashboard.JsonExporter'
2026-04-10 14:13:14,623 INFO o.a.j.r.d.JsonExporter: Found data for consumer statisticsSummary in context
2026-04-10 14:13:14,623 INFO o.a.j.r.d.JsonExporter: Creating statistics for overall
2026-04-10 14:13:14,624 INFO o.a.j.r.d.JsonExporter: Creating statistics for other transactions
2026-04-10 14:13:14,624 INFO o.a.j.r.d.JsonExporter: Checking output folder
2026-04-10 14:13:14,625 INFO o.a.j.r.d.JsonExporter: Writing statistics JSON to C:\Users\Mirage\OneDrive\Desktop\JMeter\Dummy JSON Load Test\html-report\statistics.json
2026-04-10 14:13:14,669 INFO o.a.j.r.d.ReportGenerator: Exporting data using exporter:'html' of className:'org.apache.jmeter.report.dashboard.HtmlTemplateExporter'
2026-04-10 14:13:14,674 INFO o.a.j.r.d.HtmlTemplateExporter: Will generate dashboard in folder: C:\Users\Mirage\OneDrive\Desktop\JMeter\Dummy JSON Load Test\html-report
2026-04-10 14:13:14,904 INFO o.a.j.r.d.HtmlTemplateExporter: Report will be generated in: C:\Users\Mirage\OneDrive\Desktop\JMeter\Dummy JSON Load Test\html-report, creating folder structure
2026-04-10 14:13:14,906 INFO o.a.j.r.d.TemplateVisitor: Copying folder from 'C:\Jmeter\apache-jmeter-5.6.3\bin\report-template' to 'C:\Users\Mirage\OneDrive\Desktop\JMeter\Dummy JSON Load Test\html-report', got message: C:\Users\Mirage\OneDrive\Desktop\JMeter\Dummy JSON Load Test\html-report, found non empty folder with following content [C:\Users\Mirage\OneDrive\Desktop\JMeter\Dummy JSON Load Test\html-report\statistics.json], will be ignored
2026-04-10 14:13:15,502 INFO o.a.j.JMeter: Dashboard generated
